TN:
SF:lib/main.dart
FNF:0
FNH:0
DA:12,0
DA:14,0
DA:15,0
DA:19,0
DA:20,0
DA:22,0
DA:23,0
DA:24,0
DA:27,0
DA:28,0
DA:29,0
DA:30,0
DA:31,0
DA:33,0
DA:34,0
DA:37,0
DA:45,0
DA:46,0
DA:47,0
DA:49,0
DA:51,0
DA:52,0
DA:53,0
DA:55,0
DA:56,0
DA:57,0
DA:58,0
LF:27
LH:0
end_of_record
TN:
SF:lib/repositories/weather_api_client.dart
FNF:0
FNH:0
DA:12,0
DA:14,0
DA:16,0
DA:17,0
DA:18,0
DA:19,0
DA:21,0
DA:22,0
DA:24,0
DA:25,0
DA:26,0
LF:11
LH:0
end_of_record
TN:
SF:lib/repositories/weather_repository.dart
FNF:0
FNH:0
DA:11,0
DA:12,0
DA:14,0
DA:16,0
LF:4
LH:0
end_of_record
TN:
SF:lib/settings/bloc/settings_bloc.dart
FNF:0
FNH:0
DA:6,0
DA:7,0
DA:10,0
DA:13,0
DA:14,0
DA:15,0
DA:16,0
LF:7
LH:0
end_of_record
TN:
SF:lib/settings/bloc/settings_event.dart
FNF:0
FNH:0
DA:4,1
DA:8,1
DA:9,1
LF:3
LH:3
end_of_record
TN:
SF:lib/settings/bloc/settings_state.dart
FNF:0
FNH:0
DA:4,3
DA:9,1
DA:10,0
DA:12,0
DA:13,0
LF:5
LH:2
end_of_record
TN:
SF:lib/settings/widgets/settings.dart
FNF:0
FNH:0
DA:8,1
DA:10,1
DA:11,1
DA:12,1
DA:14,1
DA:15,1
DA:16,1
DA:17,1
DA:18,1
DA:19,1
DA:22,1
DA:23,1
DA:24,2
DA:25,2
DA:26,2
LF:15
LH:15
end_of_record
TN:
SF:lib/settings/widgets/temperature.dart
FNF:0
FNH:0
DA:10,1
DA:16,1
DA:18,1
DA:20,1
DA:21,1
DA:22,1
DA:23,1
DA:24,1
DA:25,3
DA:26,1
DA:27,1
DA:34,1
DA:35,1
DA:36,1
DA:37,3
DA:38,1
DA:39,1
DA:45,1
DA:46,3
DA:47,1
DA:48,1
DA:60,0
DA:61,1
DA:62,3
LF:24
LH:23
end_of_record
TN:
SF:lib/theme/bloc/theme_bloc.dart
FNF:0
FNH:0
DA:8,0
DA:9,0
DA:10,0
DA:15,0
DA:18,0
DA:19,0
DA:23,0
DA:26,0
DA:27,0
DA:28,0
DA:34,0
DA:35,0
DA:36,0
DA:37,0
DA:42,0
DA:43,0
DA:44,0
DA:50,0
DA:51,0
DA:52,0
DA:58,0
DA:59,0
DA:60,0
DA:67,0
DA:68,0
LF:25
LH:0
end_of_record
TN:
SF:lib/theme/bloc/theme_event.dart
FNF:0
FNH:0
DA:6,0
DA:12,0
DA:14,0
DA:15,0
LF:4
LH:0
end_of_record
TN:
SF:lib/theme/bloc/theme_state.dart
FNF:0
FNH:0
DA:8,0
DA:11,0
DA:12,0
DA:14,0
DA:15,0
LF:5
LH:0
end_of_record
TN:
SF:lib/weather/bloc/weather_bloc.dart
FNF:0
FNH:0
DA:12,0
DA:13,0
DA:14,0
DA:17,0
DA:20,0
DA:21,0
DA:23,0
DA:24,0
DA:26,0
DA:29,0
DA:31,0
DA:32,0
DA:34,0
LF:13
LH:0
end_of_record
TN:
SF:lib/weather/bloc/weather_event.dart
FNF:0
FNH:0
DA:5,0
DA:11,0
DA:13,0
DA:14,0
DA:20,0
DA:22,0
DA:23,0
LF:7
LH:0
end_of_record
TN:
SF:lib/weather/bloc/weather_state.dart
FNF:0
FNH:0
DA:7,0
DA:9,0
DA:10,0
DA:20,0
DA:22,0
DA:23,0
LF:6
LH:0
end_of_record
TN:
SF:lib/weather/widgets/city_selection.dart
FNF:0
FNH:0
DA:4,0
DA:5,0
DA:11,0
DA:13,0
DA:14,0
DA:15,0
DA:17,0
DA:18,0
DA:19,0
DA:20,0
DA:21,0
DA:22,0
DA:23,0
DA:24,0
DA:25,0
DA:32,0
DA:33,0
DA:34,0
DA:35,0
LF:19
LH:0
end_of_record
TN:
SF:lib/weather/widgets/combined_weather_temperature.dart
FNF:0
FNH:0
DA:12,0
DA:15,0
DA:16,0
DA:18,0
DA:20,0
DA:21,0
DA:22,0
DA:24,0
DA:25,0
DA:26,0
DA:27,0
DA:29,0
DA:30,0
DA:31,0
DA:32,0
DA:33,0
DA:34,0
DA:35,0
DA:36,0
DA:37,0
DA:43,0
DA:44,0
DA:45,0
DA:46,0
LF:24
LH:0
end_of_record
TN:
SF:lib/weather/widgets/gradient_container.dart
FNF:0
FNH:0
DA:9,0
DA:13,0
DA:14,0
DA:16,0
DA:18,0
DA:19,0
DA:20,0
DA:23,0
DA:24,0
DA:25,0
DA:26,0
DA:27,0
DA:31,0
LF:13
LH:0
end_of_record
TN:
SF:lib/weather/widgets/last_updated.dart
FNF:0
FNH:0
DA:6,0
DA:9,0
DA:10,0
DA:12,0
DA:14,0
DA:15,0
DA:16,0
LF:7
LH:0
end_of_record
TN:
SF:lib/weather/widgets/location.dart
FNF:0
FNH:0
DA:6,0
DA:9,0
DA:10,0
DA:12,0
DA:14,0
DA:15,0
DA:16,0
LF:7
LH:0
end_of_record
TN:
SF:lib/weather/widgets/weather.dart
FNF:0
FNH:0
DA:12,0
DA:13,0
DA:18,0
DA:20,0
DA:21,0
DA:24,0
DA:26,0
DA:27,0
DA:28,0
DA:29,0
DA:30,0
DA:31,0
DA:32,0
DA:33,0
DA:35,0
DA:39,0
DA:40,0
DA:41,0
DA:42,0
DA:44,0
DA:45,0
DA:49,0
DA:50,0
DA:56,0
DA:57,0
DA:58,0
DA:59,0
DA:60,0
DA:61,0
DA:63,0
DA:64,0
DA:67,0
DA:68,0
DA:69,0
DA:70,0
DA:72,0
DA:73,0
DA:75,0
DA:76,0
DA:78,0
DA:79,0
DA:80,0
DA:81,0
DA:82,0
DA:83,0
DA:84,0
DA:85,0
DA:87,0
DA:89,0
DA:90,0
DA:91,0
DA:92,0
DA:93,0
DA:94,0
DA:97,0
DA:98,0
DA:100,0
DA:101,0
DA:102,0
DA:103,0
DA:115,0
DA:116,0
DA:118,0
LF:63
LH:0
end_of_record
TN:
SF:lib/weather/widgets/weather_conditions.dart
FNF:0
FNH:0
DA:8,0
DA:11,0
DA:12,0
DA:14,0
DA:16,0
DA:19,0
DA:22,0
DA:23,0
DA:28,0
DA:29,0
DA:35,0
DA:36,0
DA:41,0
DA:42,0
DA:47,0
DA:48,0
DA:54,0
LF:17
LH:0
end_of_record
